
Bookãƒ¢ãƒ‡ãƒ«ã®ãƒ†ã‚¹ãƒˆ
  ãƒãƒªãƒ‡ãƒ¼ã‚·ãƒ§ãƒ³ã®ãƒ†ã‚¹ãƒˆ
    titleã‚«ãƒ©ãƒ 
[32m      ç©ºæ¬„ã§ãªã„ã“ã¨[0m
    bodyã‚«ãƒ©ãƒ 
[32m      ç©ºæ¬„ã§ãªã„ã“ã¨[0m
[32m      200æ–‡å­—ä»¥ä¸‹ã§ã‚ã‚‹ã“ã¨[0m
  ã‚¢ã‚½ã‚·ã‚¨ãƒ¼ã‚·ãƒ§ãƒ³ã®ãƒ†ã‚¹ãƒˆ
    Userãƒ¢ãƒ‡ãƒ«ã¨ã®é–¢ä¿‚
[32m      N:1ã¨ãªã£ã¦ã„ã‚‹[0m

Userãƒ¢ãƒ‡ãƒ«ã®ãƒ†ã‚¹ãƒˆ
  ãƒãƒªãƒ‡ãƒ¼ã‚·ãƒ§ãƒ³ã®ãƒ†ã‚¹ãƒˆ
    nameã‚«ãƒ©ãƒ 
[32m      ç©ºæ¬„ã§ãªã„ã“ã¨[0m
[32m      2æ–‡å­—ä»¥ä¸Šã§ã‚ã‚‹ã“ã¨[0m
[32m      20æ–‡å­—ä»¥ä¸‹ã§ã‚ã‚‹ã“ã¨[0m
    introductionã‚«ãƒ©ãƒ 
[32m      50æ–‡å­—ä»¥ä¸‹ã§ã‚ã‚‹ã“ã¨[0m
  ã‚¢ã‚½ã‚·ã‚¨ãƒ¼ã‚·ãƒ§ãƒ³ã®ãƒ†ã‚¹ãƒˆ
    Bookãƒ¢ãƒ‡ãƒ«ã¨ã®é–¢ä¿‚
[32m      1:Nã¨ãªã£ã¦ã„ã‚‹[0m

æŠ•ç¨¿ã®ãƒ†ã‚¹ãƒˆ
  ã‚µã‚¤ãƒ‰ãƒãƒ¼ã®ãƒ†ã‚¹ãƒˆ
    è¡¨ç¤ºã®ç¢ºèª
[32m      New bookã¨è¡¨ç¤ºã•ã‚Œã‚‹[0m
[32m      titleãƒ•ã‚©ãƒ¼ãƒ ãŒè¡¨ç¤ºã•ã‚Œã‚‹[0m
[32m      opinionãƒ•ã‚©ãƒ¼ãƒ ãŒè¡¨ç¤ºã•ã‚Œã‚‹[0m
[32m      Create Bookãƒœã‚¿ãƒ³ãŒè¡¨ç¤ºã•ã‚Œã‚‹[0m
[32m      æŠ•ç¨¿ã«æˆåŠŸã™ã‚‹[0m
[32m      æŠ•ç¨¿ã«å¤±æ•—ã™ã‚‹[0m
  ç·¨é›†ã®ãƒ†ã‚¹ãƒˆ
    è‡ªåˆ†ã®æŠ•ç¨¿ã®ç·¨é›†ç”»é¢ã¸ã®é·ç§»
[32m      é·ç§»ã§ãã‚‹[0m
    ä»–äººã®æŠ•ç¨¿ã®ç·¨é›†ç”»é¢ã¸ã®é·ç§»
[32m      é·ç§»ã§ããªã„[0m
    è¡¨ç¤ºã®ç¢ºèª
[32m      Editing Bookã¨è¡¨ç¤ºã•ã‚Œã‚‹[0m
[32m      titleç·¨é›†ãƒ•ã‚©ãƒ¼ãƒ ãŒè¡¨ç¤ºã•ã‚Œã‚‹[0m
[32m      opinionç·¨é›†ãƒ•ã‚©ãƒ¼ãƒ ãŒè¡¨ç¤ºã•ã‚Œã‚‹[0m
[32m      Showãƒªãƒ³ã‚¯ãŒè¡¨ç¤ºã•ã‚Œã‚‹[0m
[32m      Backãƒªãƒ³ã‚¯ãŒè¡¨ç¤ºã•ã‚Œã‚‹[0m
    ãƒ•ã‚©ãƒ¼ãƒ ã®ç¢ºèª
[31m      ç·¨é›†ã«æˆåŠŸã™ã‚‹ (FAILED - 1)[0m
[31m      ç·¨é›†ã«å¤±æ•—ã™ã‚‹ (FAILED - 2)[0m
  ä¸€è¦§ç”»é¢ã®ãƒ†ã‚¹ãƒˆ
    è¡¨ç¤ºã®ç¢ºèª
[32m      Booksã¨è¡¨ç¤ºã•ã‚Œã‚‹[0m
[32m      è‡ªåˆ†ã¨ä»–äººã®ç”»åƒã®ãƒªãƒ³ã‚¯å…ˆãŒæ­£ã—ã„[0m
[32m      è‡ªåˆ†ã¨ä»–äººã®ã‚¿ã‚¤ãƒˆãƒ«ã®ãƒªãƒ³ã‚¯å…ˆãŒæ­£ã—ã„[0m
[32m      è‡ªåˆ†ã¨ä»–äººã®ã‚ªãƒ”ãƒ‹ã‚ªãƒ³ãŒè¡¨ç¤ºã•ã‚Œã‚‹[0m
  è©³ç´°ç”»é¢ã®ãƒ†ã‚¹ãƒˆ
    è‡ªåˆ†ãƒ»ä»–äººå…±é€šã®æŠ•ç¨¿è©³ç´°ç”»é¢ã®è¡¨ç¤ºã‚’ç¢ºèª
[32m      Book detailã¨è¡¨ç¤ºã•ã‚Œã‚‹[0m
[32m      ãƒ¦ãƒ¼ã‚¶ãƒ¼ç”»åƒãƒ»åå‰ã®ãƒªãƒ³ã‚¯å…ˆãŒæ­£ã—ã„[0m
[32m      æŠ•ç¨¿ã®titleãŒè¡¨ç¤ºã•ã‚Œã‚‹[0m
[32m      æŠ•ç¨¿ã®opinionãŒè¡¨ç¤ºã•ã‚Œã‚‹[0m
    è‡ªåˆ†ã®æŠ•ç¨¿è©³ç´°ç”»é¢ã®è¡¨ç¤ºã‚’ç¢ºèª
[32m      æŠ•ç¨¿ã®ç·¨é›†ãƒªãƒ³ã‚¯ãŒè¡¨ç¤ºã•ã‚Œã‚‹[0m
[32m      æŠ•ç¨¿ã®å‰Šé™¤ãƒªãƒ³ã‚¯ãŒè¡¨ç¤ºã•ã‚Œã‚‹[0m
    ä»–äººã®æŠ•ç¨¿è©³ç´°ç”»é¢ã®è¡¨ç¤ºã‚’ç¢ºèª
[32m      æŠ•ç¨¿ã®ç·¨é›†ãƒªãƒ³ã‚¯ãŒè¡¨ç¤ºã•ã‚Œãªã„[0m
[32m      æŠ•ç¨¿ã®å‰Šé™¤ãƒªãƒ³ã‚¯ãŒè¡¨ç¤ºã•ã‚Œãªã„[0m

bootstrapã®ãƒ†ã‚¹ãƒˆ
  ã‚°ãƒªãƒƒãƒ‰ã‚·ã‚¹ãƒ†ãƒ ã®ãƒ†ã‚¹ãƒˆ
    ãƒ¦ãƒ¼ã‚¶ãƒ¼é–¢é€£ç”»é¢
[32m      ä¸€è¦§ç”»é¢[0m
[32m      è©³ç´°ç”»é¢[0m
    æŠ•ç¨¿é–¢é€£ç”»é¢
[32m      ä¸€è¦§ç”»é¢[0m
[32m      è©³ç´°ç”»é¢[0m

ãƒ˜ãƒƒãƒ€ãƒ¼ã®ãƒ†ã‚¹ãƒˆ
  ãƒ­ã‚°ã‚¤ãƒ³ã—ã¦ã„ãªã„å ´åˆ
    ãƒ˜ãƒƒãƒ€ãƒ¼ã®è¡¨ç¤ºã‚’ç¢ºèª
[32m      ã‚¿ã‚¤ãƒˆãƒ«ãŒè¡¨ç¤ºã•ã‚Œã‚‹[0m
[32m      Homeãƒªãƒ³ã‚¯ãŒè¡¨ç¤ºã•ã‚Œã‚‹[0m
[32m      Aboutãƒªãƒ³ã‚¯ãŒè¡¨ç¤ºã•ã‚Œã‚‹[0m
[32m      Sign upãƒªãƒ³ã‚¯ãŒè¡¨ç¤ºã•ã‚Œã‚‹[0m
[32m      loginãƒªãƒ³ã‚¯ãŒè¡¨ç¤ºã•ã‚Œã‚‹[0m
    ãƒ˜ãƒƒãƒ€ãƒ¼ã®ãƒªãƒ³ã‚¯ã‚’ç¢ºèª
[32m      Homeç”»é¢ã«é·ç§»ã™ã‚‹[0m
[32m      Aboutç”»é¢ã«é·ç§»ã™ã‚‹[0m
[32m      æ–°è¦ç™»éŒ²ç”»é¢ã«é·ç§»ã™ã‚‹[0m
[32m      ãƒ­ã‚°ã‚¤ãƒ³ç”»é¢ã«é·ç§»ã™ã‚‹[0m
  ãƒ­ã‚°ã‚¤ãƒ³ã—ã¦ã„ã‚‹å ´åˆ
    ãƒ˜ãƒƒãƒ€ãƒ¼ã®è¡¨ç¤ºã‚’ç¢ºèª
[32m      ã‚¿ã‚¤ãƒˆãƒ«ãŒè¡¨ç¤ºã•ã‚Œã‚‹[0m
[32m      Homeãƒªãƒ³ã‚¯ãŒè¡¨ç¤ºã•ã‚Œã‚‹[0m
[32m      Usersãƒªãƒ³ã‚¯ãŒè¡¨ç¤ºã•ã‚Œã‚‹[0m
[32m      Booksãƒªãƒ³ã‚¯ãŒè¡¨ç¤ºã•ã‚Œã‚‹[0m
[32m      logoutãƒªãƒ³ã‚¯ãŒè¡¨ç¤ºã•ã‚Œã‚‹[0m
    ãƒ˜ãƒƒãƒ€ãƒ¼ã®ãƒªãƒ³ã‚¯ã‚’ç¢ºèª
[32m      Homeç”»é¢ã«é·ç§»ã™ã‚‹[0m
[32m      Usersç”»é¢ã«é·ç§»ã™ã‚‹[0m
[32m      Booksç”»é¢ã«é·ç§»ã™ã‚‹[0m
[32m      logoutã™ã‚‹[0m

ãƒ¦ãƒ¼ã‚¶ãƒ¼æ¨©é™ã®ãƒ†ã‚¹ãƒˆ
  ãƒ­ã‚°ã‚¤ãƒ³ã—ã¦ã„ãªã„å ´åˆ
    æŠ•ç¨¿é–¢é€£ã®URLã«ã‚¢ã‚¯ã‚»ã‚¹
[32m      ä¸€è¦§ç”»é¢ã«é·ç§»ã§ããªã„[0m
[32m      ç·¨é›†ç”»é¢ã«é·ç§»ã§ããªã„[0m
[32m      è©³ç´°ç”»é¢ã«é·ç§»ã§ããªã„[0m
  ãƒ­ã‚°ã‚¤ãƒ³ã—ã¦ã„ãªã„å ´åˆã«ãƒ¦ãƒ¼ã‚¶ãƒ¼é–¢é€£ã®URLã«ã‚¢ã‚¯ã‚»ã‚¹
    ãƒ¦ãƒ¼ã‚¶ãƒ¼é–¢é€£ã®URLã«ã‚¢ã‚¯ã‚»ã‚¹
[32m      ä¸€è¦§ç”»é¢ã«é·ç§»ã§ããªã„[0m
[32m      ç·¨é›†ç”»é¢ã«é·ç§»ã§ããªã„[0m
[32m      è©³ç´°ç”»é¢ã«é·ç§»ã§ãªã„[0m

ãƒˆãƒƒãƒ—ãƒšãƒ¼ã‚¸ã®ãƒ†ã‚¹ãƒˆ
  ãƒœãƒ‡ã‚£éƒ¨åˆ†ã®ãƒ†ã‚¹ãƒˆ
    è¡¨ç¤ºã®ç¢ºèª
[32m      Log inãƒªãƒ³ã‚¯ãŒè¡¨ç¤ºã•ã‚Œã‚‹[0m
[32m      Sign Upãƒªãƒ³ã‚¯ãŒè¡¨ç¤ºã•ã‚Œã‚‹[0m
    ãƒ­ã‚°ã‚¤ãƒ³ã—ã¦ã„ã‚‹å ´åˆã®æŒ™å‹•ã‚’ç¢ºèª
[32m      Log inãƒªãƒ³ã‚¯ã‚’ã‚¯ãƒªãƒƒã‚¯ã—ãŸã‚‰ãƒ¦ãƒ¼ã‚¶ãƒ¼è©³ç´°ç”»é¢ã¸é·ç§»ã™ã‚‹[0m
[32m      Sign Upãƒªãƒ³ã‚¯ã‚’ã‚¯ãƒªãƒƒã‚¯ã—ãŸã‚‰ãƒ¦ãƒ¼ã‚¶ãƒ¼è©³ç´°ç”»é¢ã«é·ç§»ã™ã‚‹[0m
    ãƒ­ã‚°ã‚¤ãƒ³ã—ã¦ã„ãªã„å ´åˆã®æŒ™å‹•ã‚’ç¢ºèª
[32m      Log inãƒªãƒ³ã‚¯ã‚’ã‚¯ãƒªãƒƒã‚¯ã—ãŸã‚‰ãƒ­ã‚°ã‚¤ãƒ³ç”»é¢ã¸é·ç§»ã™ã‚‹[0m
[32m      Sign Upãƒªãƒ³ã‚¯ã‚’ã‚¯ãƒªãƒƒã‚¯ã—ãŸã‚‰æ–°è¦ç™»éŒ²ç”»é¢ã«é·ç§»ã™ã‚‹[0m

ãƒ¦ãƒ¼ã‚¶ãƒ¼èªè¨¼ã®ãƒ†ã‚¹ãƒˆ
  ãƒ¦ãƒ¼ã‚¶ãƒ¼æ–°è¦ç™»éŒ²
    æ–°è¦ç™»éŒ²ç”»é¢ã«é·ç§»
[32m      æ–°è¦ç™»éŒ²ã«æˆåŠŸã™ã‚‹[0m
[32m      æ–°è¦ç™»éŒ²ã«å¤±æ•—ã™ã‚‹[0m
  ãƒ¦ãƒ¼ã‚¶ãƒ¼ãƒ­ã‚°ã‚¤ãƒ³
    ãƒ­ã‚°ã‚¤ãƒ³ç”»é¢ã«é·ç§»
[32m      ãƒ­ã‚°ã‚¤ãƒ³ã«æˆåŠŸã™ã‚‹[0m
[32m      ãƒ­ã‚°ã‚¤ãƒ³ã«å¤±æ•—ã™ã‚‹[0m

ãƒ¦ãƒ¼ã‚¶ãƒ¼ã®ãƒ†ã‚¹ãƒˆ
  ã‚µã‚¤ãƒ‰ãƒãƒ¼ã®ãƒ†ã‚¹ãƒˆ
    è¡¨ç¤ºã®ç¢ºèª
[32m      User infoã¨è¡¨ç¤ºã•ã‚Œã‚‹[0m
[32m      ç”»åƒãŒè¡¨ç¤ºã•ã‚Œã‚‹[0m
[32m      åå‰ãŒè¡¨ç¤ºã•ã‚Œã‚‹[0m
[32m      è‡ªå·±ç´¹ä»‹ãŒè¡¨ç¤ºã•ã‚Œã‚‹[0m
[32m      ç·¨é›†ãƒªãƒ³ã‚¯ãŒè¡¨ç¤ºã•ã‚Œã‚‹[0m
  ç·¨é›†ã®ãƒ†ã‚¹ãƒˆ
    è‡ªåˆ†ã®ç·¨é›†ç”»é¢ã¸ã®é·ç§»
[32m      é·ç§»ã§ãã‚‹[0m
    ä»–äººã®ç·¨é›†ç”»é¢ã¸ã®é·ç§»
[32m      é·ç§»ã§ããªã„[0m
    è¡¨ç¤ºã®ç¢ºèª
[32m      User infoã¨è¡¨ç¤ºã•ã‚Œã‚‹[0m
[32m      åå‰ç·¨é›†ãƒ•ã‚©ãƒ¼ãƒ ã«è‡ªåˆ†ã®åå‰ãŒè¡¨ç¤ºã•ã‚Œã‚‹[0m
[32m      ç”»åƒç·¨é›†ãƒ•ã‚©ãƒ¼ãƒ ãŒè¡¨ç¤ºã•ã‚Œã‚‹[0m
[32m      è‡ªå·±ç´¹ä»‹ç·¨é›†ãƒ•ã‚©ãƒ¼ãƒ ã«è‡ªåˆ†ã®è‡ªå·±ç´¹ä»‹ãŒè¡¨ç¤ºã•ã‚Œã‚‹[0m
[31m      ç·¨é›†ã«æˆåŠŸã™ã‚‹ (FAILED - 3)[0m
[31m      ç·¨é›†ã«å¤±æ•—ã™ã‚‹ (FAILED - 4)[0m
  ä¸€è¦§ç”»é¢ã®ãƒ†ã‚¹ãƒˆ
    è¡¨ç¤ºã®ç¢ºèª
[32m      Usersã¨è¡¨ç¤ºã•ã‚Œã‚‹[0m
[32m      è‡ªåˆ†ã¨ä»–ã®äººã®ç”»åƒãŒè¡¨ç¤ºã•ã‚Œã‚‹[0m
[32m      è‡ªåˆ†ã¨ä»–ã®äººã®åå‰ãŒè¡¨ç¤ºã•ã‚Œã‚‹[0m
[31m      showãƒªãƒ³ã‚¯ãŒè¡¨ç¤ºã•ã‚Œã‚‹ (FAILED - 5)[0m
  è©³ç´°ç”»é¢ã®ãƒ†ã‚¹ãƒˆ
    è¡¨ç¤ºã®ç¢ºèª
[32m      Booksã¨è¡¨ç¤ºã•ã‚Œã‚‹[0m
[32m      æŠ•ç¨¿ä¸€è¦§ã®ãƒ¦ãƒ¼ã‚¶ãƒ¼ã®ç”»åƒã®ãƒªãƒ³ã‚¯å…ˆãŒæ­£ã—ã„[0m
[32m      æŠ•ç¨¿ä¸€è¦§ã®titleã®ãƒªãƒ³ã‚¯å…ˆãŒæ­£ã—ã„[0m
[32m      æŠ•ç¨¿ä¸€è¦§ã«opinionãŒè¡¨ç¤ºã•ã‚Œã‚‹[0m

Failures:

  1) æŠ•ç¨¿ã®ãƒ†ã‚¹ãƒˆ ç·¨é›†ã®ãƒ†ã‚¹ãƒˆ ãƒ•ã‚©ãƒ¼ãƒ ã®ç¢ºèª ç·¨é›†ã«æˆåŠŸã™ã‚‹
     [31mFailure/Error: click_button 'Update Book'[0m
     [31m[0m
     [31mCapybara::ElementNotFound:[0m
     [31m  Unable to find button "Update Book" that is not disabled[0m
     [31m[0m
     [31m[0m
     [31m[0m
     [36m# /home/ec2-user/.rvm/gems/ruby-2.6.3/gems/capybara-3.33.0/lib/capybara/node/finders.rb:302:in `block in synced_resolve'[0m
     [36m# /home/ec2-user/.rvm/gems/ruby-2.6.3/gems/capybara-3.33.0/lib/capybara/node/base.rb:83:in `synchronize'[0m
     [36m# /home/ec2-user/.rvm/gems/ruby-2.6.3/gems/capybara-3.33.0/lib/capybara/node/finders.rb:291:in `synced_resolve'[0m
     [36m# /home/ec2-user/.rvm/gems/ruby-2.6.3/gems/capybara-3.33.0/lib/capybara/node/finders.rb:52:in `find'[0m
     [36m# /home/ec2-user/.rvm/gems/ruby-2.6.3/gems/capybara-3.33.0/lib/capybara/node/actions.rb:58:in `click_button'[0m
     [36m# /home/ec2-user/.rvm/gems/ruby-2.6.3/gems/capybara-3.33.0/lib/capybara/session.rb:759:in `block (2 levels) in <class:Session>'[0m
     [36m# /home/ec2-user/.rvm/gems/ruby-2.6.3/gems/capybara-3.33.0/lib/capybara/dsl.rb:58:in `block (2 levels) in <module:DSL>'[0m
     [36m# ./spec/system/books_spec.rb:78:in `block (4 levels) in <main>'[0m

  2) æŠ•ç¨¿ã®ãƒ†ã‚¹ãƒˆ ç·¨é›†ã®ãƒ†ã‚¹ãƒˆ ãƒ•ã‚©ãƒ¼ãƒ ã®ç¢ºèª ç·¨é›†ã«å¤±æ•—ã™ã‚‹
     [31mFailure/Error: click_button 'Update Book'[0m
     [31m[0m
     [31mCapybara::ElementNotFound:[0m
     [31m  Unable to find button "Update Book" that is not disabled[0m
     [31m[0m
     [31m[0m
     [31m[0m
     [36m# /home/ec2-user/.rvm/gems/ruby-2.6.3/gems/capybara-3.33.0/lib/capybara/node/finders.rb:302:in `block in synced_resolve'[0m
     [36m# /home/ec2-user/.rvm/gems/ruby-2.6.3/gems/capybara-3.33.0/lib/capybara/node/base.rb:83:in `synchronize'[0m
     [36m# /home/ec2-user/.rvm/gems/ruby-2.6.3/gems/capybara-3.33.0/lib/capybara/node/finders.rb:291:in `synced_resolve'[0m
     [36m# /home/ec2-user/.rvm/gems/ruby-2.6.3/gems/capybara-3.33.0/lib/capybara/node/finders.rb:52:in `find'[0m
     [36m# /home/ec2-user/.rvm/gems/ruby-2.6.3/gems/capybara-3.33.0/lib/capybara/node/actions.rb:58:in `click_button'[0m
     [36m# /home/ec2-user/.rvm/gems/ruby-2.6.3/gems/capybara-3.33.0/lib/capybara/session.rb:759:in `block (2 levels) in <class:Session>'[0m
     [36m# /home/ec2-user/.rvm/gems/ruby-2.6.3/gems/capybara-3.33.0/lib/capybara/dsl.rb:58:in `block (2 levels) in <module:DSL>'[0m
     [36m# ./spec/system/books_spec.rb:85:in `block (4 levels) in <main>'[0m

  3) ãƒ¦ãƒ¼ã‚¶ãƒ¼ã®ãƒ†ã‚¹ãƒˆ ç·¨é›†ã®ãƒ†ã‚¹ãƒˆ è¡¨ç¤ºã®ç¢ºèª ç·¨é›†ã«æˆåŠŸã™ã‚‹
     [31mFailure/Error: click_button 'Update User'[0m
     [31m[0m
     [31mCapybara::ElementNotFound:[0m
     [31m  Unable to find button "Update User" that is not disabled[0m
     [31m[0m
     [31m[0m
     [31m[0m
     [36m# /home/ec2-user/.rvm/gems/ruby-2.6.3/gems/capybara-3.33.0/lib/capybara/node/finders.rb:302:in `block in synced_resolve'[0m
     [36m# /home/ec2-user/.rvm/gems/ruby-2.6.3/gems/capybara-3.33.0/lib/capybara/node/base.rb:83:in `synchronize'[0m
     [36m# /home/ec2-user/.rvm/gems/ruby-2.6.3/gems/capybara-3.33.0/lib/capybara/node/finders.rb:291:in `synced_resolve'[0m
     [36m# /home/ec2-user/.rvm/gems/ruby-2.6.3/gems/capybara-3.33.0/lib/capybara/node/finders.rb:52:in `find'[0m
     [36m# /home/ec2-user/.rvm/gems/ruby-2.6.3/gems/capybara-3.33.0/lib/capybara/node/actions.rb:58:in `click_button'[0m
     [36m# /home/ec2-user/.rvm/gems/ruby-2.6.3/gems/capybara-3.33.0/lib/capybara/session.rb:759:in `block (2 levels) in <class:Session>'[0m
     [36m# /home/ec2-user/.rvm/gems/ruby-2.6.3/gems/capybara-3.33.0/lib/capybara/dsl.rb:58:in `block (2 levels) in <module:DSL>'[0m
     [36m# ./spec/system/users_spec.rb:117:in `block (4 levels) in <main>'[0m

  4) ãƒ¦ãƒ¼ã‚¶ãƒ¼ã®ãƒ†ã‚¹ãƒˆ ç·¨é›†ã®ãƒ†ã‚¹ãƒˆ è¡¨ç¤ºã®ç¢ºèª ç·¨é›†ã«å¤±æ•—ã™ã‚‹
     [31mFailure/Error: click_button 'Update User'[0m
     [31m[0m
     [31mCapybara::ElementNotFound:[0m
     [31m  Unable to find button "Update User" that is not disabled[0m
     [31m[0m
     [31m[0m
     [31m[0m
     [36m# /home/ec2-user/.rvm/gems/ruby-2.6.3/gems/capybara-3.33.0/lib/capybara/node/finders.rb:302:in `block in synced_resolve'[0m
     [36m# /home/ec2-user/.rvm/gems/ruby-2.6.3/gems/capybara-3.33.0/lib/capybara/node/base.rb:83:in `synchronize'[0m
     [36m# /home/ec2-user/.rvm/gems/ruby-2.6.3/gems/capybara-3.33.0/lib/capybara/node/finders.rb:291:in `synced_resolve'[0m
     [36m# /home/ec2-user/.rvm/gems/ruby-2.6.3/gems/capybara-3.33.0/lib/capybara/node/finders.rb:52:in `find'[0m
     [36m# /home/ec2-user/.rvm/gems/ruby-2.6.3/gems/capybara-3.33.0/lib/capybara/node/actions.rb:58:in `click_button'[0m
     [36m# /home/ec2-user/.rvm/gems/ruby-2.6.3/gems/capybara-3.33.0/lib/capybara/session.rb:759:in `block (2 levels) in <class:Session>'[0m
     [36m# /home/ec2-user/.rvm/gems/ruby-2.6.3/gems/capybara-3.33.0/lib/capybara/dsl.rb:58:in `block (2 levels) in <module:DSL>'[0m
     [36m# ./spec/system/users_spec.rb:123:in `block (4 levels) in <main>'[0m

  5) ãƒ¦ãƒ¼ã‚¶ãƒ¼ã®ãƒ†ã‚¹ãƒˆ ä¸€è¦§ç”»é¢ã®ãƒ†ã‚¹ãƒˆ è¡¨ç¤ºã®ç¢ºèª showãƒªãƒ³ã‚¯ãŒè¡¨ç¤ºã•ã‚Œã‚‹
     [31mFailure/Error: expect(page).to have_link 'Show', href: user_path(user)[0m
     [31m  expected to find link "Show" with href "/users/2" but there were no matches[0m
     [31m[0m
     [31m[0m
     [31m[0m
     [36m# ./spec/system/users_spec.rb:147:in `block (4 levels) in <main>'[0m

Finished in 3.89 seconds (files took 4.24 seconds to load)
[31m95 examples, 5 failures[0m

Failed examples:

[31mrspec ./spec/system/books_spec.rb:76[0m [36m# æŠ•ç¨¿ã®ãƒ†ã‚¹ãƒˆ ç·¨é›†ã®ãƒ†ã‚¹ãƒˆ ãƒ•ã‚©ãƒ¼ãƒ ã®ç¢ºèª ç·¨é›†ã«æˆåŠŸã™ã‚‹[0m
[31mrspec ./spec/system/books_spec.rb:82[0m [36m# æŠ•ç¨¿ã®ãƒ†ã‚¹ãƒˆ ç·¨é›†ã®ãƒ†ã‚¹ãƒˆ ãƒ•ã‚©ãƒ¼ãƒ ã®ç¢ºèª ç·¨é›†ã«å¤±æ•—ã™ã‚‹[0m
[31mrspec ./spec/system/users_spec.rb:116[0m [36m# ãƒ¦ãƒ¼ã‚¶ãƒ¼ã®ãƒ†ã‚¹ãƒˆ ç·¨é›†ã®ãƒ†ã‚¹ãƒˆ è¡¨ç¤ºã®ç¢ºèª ç·¨é›†ã«æˆåŠŸã™ã‚‹[0m
[31mrspec ./spec/system/users_spec.rb:121[0m [36m# ãƒ¦ãƒ¼ã‚¶ãƒ¼ã®ãƒ†ã‚¹ãƒˆ ç·¨é›†ã®ãƒ†ã‚¹ãƒˆ è¡¨ç¤ºã®ç¢ºèª ç·¨é›†ã«å¤±æ•—ã™ã‚‹[0m
[31mrspec ./spec/system/users_spec.rb:146[0m [36m# ãƒ¦ãƒ¼ã‚¶ãƒ¼ã®ãƒ†ã‚¹ãƒˆ ä¸€è¦§ç”»é¢ã®ãƒ†ã‚¹ãƒˆ è¡¨ç¤ºã®ç¢ºèª showãƒªãƒ³ã‚¯ãŒè¡¨ç¤ºã•ã‚Œã‚‹[0m

